2026-05-03 14:06:57 [main] INFO  o.java.spring_04.Spring04Application - Starting Spring04Application using Java 23.0.2 with PID 3752 (C:\Users\skotl\OneDrive\바탕 화면\Spring-basic\target\classes started by skotl in C:\Users\skotl\OneDrive\바탕 화면\Spring-basic)
2026-05-03 14:06:57 [main] INFO  o.java.spring_04.Spring04Application - No active profile set, falling back to 1 default profile: "default"
2026-05-03 14:06:59 [main] INFO  o.s.boot.tomcat.TomcatWebServer - Tomcat initialized with port 8080 (http)
2026-05-03 14:06:59 [main] INFO  o.a.catalina.core.StandardService - Starting service [Tomcat]
2026-05-03 14:06:59 [main] INFO  o.a.catalina.core.StandardEngine - Starting Servlet engine: [Apache Tomcat/11.0.20]
2026-05-03 14:06:59 [main] INFO  o.s.b.w.c.s.WebApplicationContextInitializer - Root WebApplicationContext: initialization completed in 2166 ms
2026-05-03 14:07:00 [main] INFO  o.j.spring_04.common.DatabaseConfig - Datasource configured. driver=com.mysql.cj.jdbc.Driver database=service_schema
2026-05-03 14:08:13 [main] INFO  o.s.b.w.a.WelcomePageHandlerMapping - Adding welcome page template: index
2026-05-03 14:08:13 [main] INFO  o.s.boot.tomcat.TomcatWebServer - Tomcat started on port 8080 (http) with context path '/'
2026-05-03 14:08:13 [main] INFO  o.java.spring_04.Spring04Application - Started Spring04Application in 77.069 seconds (process running for 78.473)
2026-05-03 14:08:24 [http-nio-8080-exec-1] INFO  o.a.c.c.C.[Tomcat].[localhost].[/] - Initializing Spring DispatcherServlet 'dispatcherServlet'
2026-05-03 14:08:24 [http-nio-8080-exec-1] INFO  o.s.web.servlet.DispatcherServlet - Initializing Servlet 'dispatcherServlet'
2026-05-03 14:08:24 [http-nio-8080-exec-1] INFO  o.s.web.servlet.DispatcherServlet - Completed initialization in 1 ms
2026-05-03 14:08:24 [http-nio-8080-exec-2] INFO  o.j.spring_04.common.IpLogController - Client activity logged. ip=127.0.0.*** userAgent=Mozilla/5.0 (Windows NT 10.0; Win64; x64) AppleWebKit/537.36 (KHTML, like Gecko) Chrome/147.0.0.0 Safari/537.36
2026-05-03 14:09:20 [http-nio-8080-exec-10] INFO  o.j.spring_04.common.IpLogController - Client activity logged. ip=127.0.0.*** userAgent=Mozilla/5.0 (Windows NT 10.0; Win64; x64) AppleWebKit/537.36 (KHTML, like Gecko) Chrome/147.0.0.0 Safari/537.36
2026-05-03 14:11:35 [SpringApplicationShutdownHook] INFO  o.s.boot.tomcat.GracefulShutdown - Commencing graceful shutdown. Waiting for active requests to complete
2026-05-03 14:11:35 [tomcat-shutdown] INFO  o.s.boot.tomcat.GracefulShutdown - Graceful shutdown complete
2026-05-03 14:11:45 [main] INFO  o.java.spring_04.Spring04Application - Starting Spring04Application using Java 23.0.2 with PID 1076 (C:\Users\skotl\OneDrive\바탕 화면\Spring-basic\target\classes started by skotl in C:\Users\skotl\OneDrive\바탕 화면\Spring-basic)
2026-05-03 14:11:45 [main] INFO  o.java.spring_04.Spring04Application - No active profile set, falling back to 1 default profile: "default"
2026-05-03 14:11:46 [main] INFO  o.s.boot.tomcat.TomcatWebServer - Tomcat initialized with port 8080 (http)
2026-05-03 14:11:46 [main] INFO  o.a.catalina.core.StandardService - Starting service [Tomcat]
2026-05-03 14:11:46 [main] INFO  o.a.catalina.core.StandardEngine - Starting Servlet engine: [Apache Tomcat/11.0.20]
2026-05-03 14:11:46 [main] INFO  o.s.b.w.c.s.WebApplicationContextInitializer - Root WebApplicationContext: initialization completed in 1458 ms
2026-05-03 14:11:46 [main] INFO  o.j.spring_04.common.DatabaseConfig - Datasource configured. driver=com.mysql.cj.jdbc.Driver database=service_schema
2026-05-03 14:12:59 [main] INFO  o.s.b.w.a.WelcomePageHandlerMapping - Adding welcome page template: index
2026-05-03 14:12:59 [main] INFO  o.s.boot.tomcat.TomcatWebServer - Tomcat started on port 8080 (http) with context path '/'
2026-05-03 14:12:59 [main] INFO  o.java.spring_04.Spring04Application - Started Spring04Application in 75.657 seconds (process running for 76.78)
2026-05-03 14:13:05 [http-nio-8080-exec-1] INFO  o.a.c.c.C.[Tomcat].[localhost].[/] - Initializing Spring DispatcherServlet 'dispatcherServlet'
2026-05-03 14:13:05 [http-nio-8080-exec-1] INFO  o.s.web.servlet.DispatcherServlet - Initializing Servlet 'dispatcherServlet'
2026-05-03 14:13:05 [http-nio-8080-exec-1] INFO  o.s.web.servlet.DispatcherServlet - Completed initialization in 0 ms
2026-05-03 14:13:05 [http-nio-8080-exec-7] INFO  o.j.spring_04.common.IpLogController - Client activity logged. ip=127.0.0.*** userAgent=Mozilla/5.0 (Windows NT 10.0; Win64; x64) AppleWebKit/537.36 (KHTML, like Gecko) Chrome/147.0.0.0 Safari/537.36
2026-05-03 14:13:39 [SpringApplicationShutdownHook] INFO  o.s.boot.tomcat.GracefulShutdown - Commencing graceful shutdown. Waiting for active requests to complete
2026-05-03 14:13:39 [tomcat-shutdown] INFO  o.s.boot.tomcat.GracefulShutdown - Graceful shutdown complete
